<?xml version="1.0" encoding="UTF-8"?>
<testng-results ignored="0" total="3" passed="3" failed="0" skipped="0">
  <reporter-output>
  </reporter-output>
  <suite started-at="2024-07-18T10:20:10 IST" name="Default suite" finished-at="2024-07-18T10:20:19 IST" duration-ms="9247">
    <groups>
    </groups>
    <test started-at="2024-07-18T10:20:10 IST" name="Default test" finished-at="2024-07-18T10:20:19 IST" duration-ms="9247">
      <class name="POM.CodeTest">
        <test-method is-config="true" signature="setUp()[pri:0, instance:POM.CodeTest@1c7696c6]" started-at="2024-07-18T10:20:10 IST" name="setUp" finished-at="2024-07-18T10:20:11 IST" duration-ms="1305" status="PASS">
          <reporter-output>
          </reporter-output>
        </test-method> <!-- setUp -->
        <test-method signature="url()[pri:0, instance:POM.CodeTest@1c7696c6]" started-at="2024-07-18T10:20:11 IST" name="url" finished-at="2024-07-18T10:20:15 IST" duration-ms="3671" status="PASS">
          <reporter-output>
          </reporter-output>
        </test-method> <!-- url -->
        <test-method signature="login(java.lang.String,java.lang.String)[pri:0, instance:POM.CodeTest@1c7696c6]" started-at="2024-07-18T10:20:16 IST" name="login" data-provider="loginData" finished-at="2024-07-18T10:20:17 IST" depends-on-methods="POM.CodeTest.url" duration-ms="1899" status="PASS">
          <params>
            <param index="0">
              <value>
                <![CDATA[Admin]]>
              </value>
            </param>
            <param index="1">
              <value>
                <![CDATA[admin123]]>
              </value>
            </param>
          </params>
          <reporter-output>
          </reporter-output>
        </test-method> <!-- login -->
        <test-method signature="admin()[pri:0, instance:POM.CodeTest@1c7696c6]" started-at="2024-07-18T10:20:17 IST" name="admin" finished-at="2024-07-18T10:20:19 IST" depends-on-methods="POM.CodeTest.login" duration-ms="1407" status="PASS">
          <reporter-output>
          </reporter-output>
        </test-method> <!-- admin -->
        <test-method is-config="true" signature="tearDown()[pri:0, instance:POM.CodeTest@1c7696c6]" started-at="2024-07-18T10:20:19 IST" name="tearDown" finished-at="2024-07-18T10:20:19 IST" duration-ms="392" status="PASS">
          <reporter-output>
          </reporter-output>
        </test-method> <!-- tearDown -->
      </class> <!-- POM.CodeTest -->
    </test> <!-- Default test -->
  </suite> <!-- Default suite -->
</testng-results>
