<?xml version="1.0" encoding="UTF-8"?>
<testng-results ignored="0" total="3" passed="3" failed="0" skipped="0">
  <reporter-output>
  </reporter-output>
  <suite started-at="2024-07-16T18:03:17 IST" name="Default suite" finished-at="2024-07-16T18:03:25 IST" duration-ms="8860">
    <groups>
    </groups>
    <test started-at="2024-07-16T18:03:17 IST" name="Default test" finished-at="2024-07-16T18:03:25 IST" duration-ms="8860">
      <class name="POM.CodeTest">
        <test-method is-config="true" signature="setUp()[pri:0, instance:POM.CodeTest@1c7696c6]" started-at="2024-07-16T18:03:17 IST" name="setUp" finished-at="2024-07-16T18:03:18 IST" duration-ms="1357" status="PASS">
          <reporter-output>
          </reporter-output>
        </test-method> <!-- setUp -->
        <test-method signature="url()[pri:0, instance:POM.CodeTest@1c7696c6]" started-at="2024-07-16T18:03:18 IST" name="url" finished-at="2024-07-16T18:03:21 IST" duration-ms="2959" status="PASS">
          <reporter-output>
          </reporter-output>
        </test-method> <!-- url -->
        <test-method signature="login(java.lang.String,java.lang.String)[pri:0, instance:POM.CodeTest@1c7696c6]" started-at="2024-07-16T18:03:22 IST" name="login" data-provider="loginData" finished-at="2024-07-16T18:03:22 IST" depends-on-methods="POM.CodeTest.url" duration-ms="478" status="PASS">
          <params>
            <param index="0">
              <value>
                <![CDATA[Admin]]>
              </value>
            </param>
            <param index="1">
              <value>
                <![CDATA[admin123]]>
              </value>
            </param>
          </params>
          <reporter-output>
          </reporter-output>
        </test-method> <!-- login -->
        <test-method signature="admin()[pri:0, instance:POM.CodeTest@1c7696c6]" started-at="2024-07-16T18:03:22 IST" name="admin" finished-at="2024-07-16T18:03:25 IST" depends-on-methods="POM.CodeTest.login" duration-ms="2681" status="PASS">
          <reporter-output>
          </reporter-output>
        </test-method> <!-- admin -->
        <test-method is-config="true" signature="tearDown()[pri:0, instance:POM.CodeTest@1c7696c6]" started-at="2024-07-16T18:03:25 IST" name="tearDown" finished-at="2024-07-16T18:03:25 IST" duration-ms="587" status="PASS">
          <reporter-output>
          </reporter-output>
        </test-method> <!-- tearDown -->
      </class> <!-- POM.CodeTest -->
    </test> <!-- Default test -->
  </suite> <!-- Default suite -->
</testng-results>
